0 verbose cli C:\Program Files\nodejs\node.exe C:\Users\mart6\source\repos\FolioTrace\UI\.npm-cache\_npx\7c24e36c048e2b23\node_modules\npm\bin\npm-cli.js
1 info using npm@10.9.8
2 info using node@v25.2.1
3 silly config load:file:C:\Users\mart6\source\repos\FolioTrace\UI\.npm-cache\_npx\7c24e36c048e2b23\node_modules\npm\npmrc
4 silly config load:file:C:\Users\mart6\source\repos\FolioTrace\UI\.npmrc
5 silly config load:file:C:\Users\mart6\.npmrc
6 silly config load:file:C:\Users\mart6\AppData\Roaming\npm\etc\npmrc
7 verbose title npm ci
8 verbose argv "ci" "--dry-run" "--ignore-scripts"
9 verbose logfile logs-max:10 dir:C:\Users\mart6\source\repos\FolioTrace\UI\.npm-cache\_logs\2026-06-21T01_15_45_072Z-
10 verbose logfile C:\Users\mart6\source\repos\FolioTrace\UI\.npm-cache\_logs\2026-06-21T01_15_45_072Z-debug-0.log
11 silly logfile done cleaning log files
12 silly packumentCache heap:4496293888 maxSize:1124073472 maxEntrySize:562036736
13 silly idealTree buildDeps
14 verbose shrinkwrap failed to load node_modules/.package-lock.json missing from node_modules: node_modules/@esbuild/aix-ppc64
15 silly ADD node_modules/zimmerframe
16 silly ADD node_modules/vitefu
17 silly ADD node_modules/valibot
18 silly ADD node_modules/undici-types
19 silly ADD node_modules/uint8array-extras
20 silly ADD node_modules/totalist
21 silly ADD node_modules/tinyglobby
22 silly ADD node_modules/tapable
23 silly ADD node_modules/tailwindcss
24 silly ADD node_modules/supports-preserve-symlinks-flag
25 silly ADD node_modules/source-map-js
26 silly ADD node_modules/sirv
27 silly ADD node_modules/set-cookie-parser
28 silly ADD node_modules/sade
29 silly ADD node_modules/readdirp
30 silly ADD node_modules/postcss
31 silly ADD node_modules/picomatch
32 silly ADD node_modules/picocolors
33 silly ADD node_modules/path-parse
34 silly ADD node_modules/nanoid
35 silly ADD node_modules/ms
36 silly ADD node_modules/mrmime
37 silly ADD node_modules/mri
38 silly ADD node_modules/magic-string
39 silly ADD node_modules/locate-character
40 silly ADD node_modules/lightningcss-win32-arm64-msvc
41 silly ADD node_modules/lightningcss-linux-x64-musl
42 silly ADD node_modules/lightningcss-linux-x64-gnu
43 silly ADD node_modules/lightningcss-linux-arm64-musl
44 silly ADD node_modules/lightningcss-linux-arm64-gnu
45 silly ADD node_modules/lightningcss-linux-arm-gnueabihf
46 silly ADD node_modules/lightningcss-freebsd-x64
47 silly ADD node_modules/lightningcss-darwin-x64
48 silly ADD node_modules/lightningcss-darwin-arm64
49 silly ADD node_modules/lightningcss-android-arm64
50 silly ADD node_modules/lightningcss
51 silly ADD node_modules/kleur
52 silly ADD node_modules/jiti
53 silly ADD node_modules/is-reference
54 silly ADD node_modules/is-module
55 silly ADD node_modules/is-core-module
56 silly ADD node_modules/iron-webcrypto
57 silly ADD node_modules/hasown
58 silly ADD node_modules/graceful-fs
59 silly ADD node_modules/function-bind
60 silly ADD node_modules/fsevents
61 silly ADD node_modules/fdir
62 silly ADD node_modules/eventemitter3
63 silly ADD node_modules/esm-env
64 silly ADD node_modules/esbuild
65 silly ADD node_modules/es-errors
66 silly ADD node_modules/devalue
67 silly ADD node_modules/detect-libc
68 silly ADD node_modules/deepmerge
69 silly ADD node_modules/debug
70 silly ADD node_modules/cookie
71 silly ADD node_modules/commondir
72 silly ADD node_modules/clsx
73 silly ADD node_modules/chokidar
74 silly ADD node_modules/acorn
75 silly ADD node_modules/@workos-inc/node
76 silly ADD node_modules/@types/trusted-types
77 silly ADD node_modules/@types/resolve
78 silly ADD node_modules/@types/estree
79 silly ADD node_modules/@types/cookie
80 silly ADD node_modules/@tailwindcss/vite
81 silly ADD node_modules/@tailwindcss/oxide-win32-arm64-msvc
82 silly ADD node_modules/@tailwindcss/oxide-wasm32-wasi
83 silly ADD node_modules/@tailwindcss/oxide-linux-x64-musl
84 silly ADD node_modules/@tailwindcss/oxide-linux-x64-gnu
85 silly ADD node_modules/@tailwindcss/oxide-linux-arm64-musl
86 silly ADD node_modules/@tailwindcss/oxide-linux-arm64-gnu
87 silly ADD node_modules/@tailwindcss/oxide-linux-arm-gnueabihf
88 silly ADD node_modules/@tailwindcss/oxide-freebsd-x64
89 silly ADD node_modules/@tailwindcss/oxide-darwin-x64
90 silly ADD node_modules/@tailwindcss/oxide-darwin-arm64
91 silly ADD node_modules/@tailwindcss/oxide-android-arm64
92 silly ADD node_modules/@tailwindcss/oxide
93 silly ADD node_modules/@tailwindcss/node
94 silly ADD node_modules/@sveltejs/adapter-node
95 silly ADD node_modules/@sveltejs/acorn-typescript
96 silly ADD node_modules/@standard-schema/spec
97 silly ADD node_modules/@rollup/rollup-win32-x64-gnu
98 silly ADD node_modules/@rollup/rollup-win32-ia32-msvc
99 silly ADD node_modules/@rollup/rollup-win32-arm64-msvc
100 silly ADD node_modules/@rollup/rollup-openharmony-arm64
101 silly ADD node_modules/@rollup/rollup-openbsd-x64
102 silly ADD node_modules/@rollup/rollup-linux-x64-musl
103 silly ADD node_modules/@rollup/rollup-linux-x64-gnu
104 silly ADD node_modules/@rollup/rollup-linux-s390x-gnu
105 silly ADD node_modules/@rollup/rollup-linux-riscv64-musl
106 silly ADD node_modules/@rollup/rollup-linux-riscv64-gnu
107 silly ADD node_modules/@rollup/rollup-linux-ppc64-musl
108 silly ADD node_modules/@rollup/rollup-linux-ppc64-gnu
109 silly ADD node_modules/@rollup/rollup-linux-loong64-musl
110 silly ADD node_modules/@rollup/rollup-linux-loong64-gnu
111 silly ADD node_modules/@rollup/rollup-linux-arm64-musl
112 silly ADD node_modules/@rollup/rollup-linux-arm64-gnu
113 silly ADD node_modules/@rollup/rollup-linux-arm-musleabihf
114 silly ADD node_modules/@rollup/rollup-linux-arm-gnueabihf
115 silly ADD node_modules/@rollup/rollup-freebsd-x64
116 silly ADD node_modules/@rollup/rollup-freebsd-arm64
117 silly ADD node_modules/@rollup/rollup-darwin-x64
118 silly ADD node_modules/@rollup/rollup-darwin-arm64
119 silly ADD node_modules/@rollup/rollup-android-arm64
120 silly ADD node_modules/@rollup/rollup-android-arm-eabi
121 silly ADD node_modules/@polka/url
122 silly ADD node_modules/@playwright/test
123 silly ADD node_modules/@jridgewell/trace-mapping
124 silly ADD node_modules/@jridgewell/sourcemap-codec
125 silly ADD node_modules/@jridgewell/remapping
126 silly ADD node_modules/@esbuild/win32-ia32
127 silly ADD node_modules/@esbuild/win32-arm64
128 silly ADD node_modules/@esbuild/sunos-x64
129 silly ADD node_modules/@esbuild/openharmony-arm64
130 silly ADD node_modules/@esbuild/openbsd-x64
131 silly ADD node_modules/@esbuild/openbsd-arm64
132 silly ADD node_modules/@esbuild/netbsd-x64
133 silly ADD node_modules/@esbuild/netbsd-arm64
134 silly ADD node_modules/@esbuild/linux-x64
135 silly ADD node_modules/@esbuild/linux-s390x
136 silly ADD node_modules/@esbuild/linux-riscv64
137 silly ADD node_modules/@esbuild/linux-ppc64
138 silly ADD node_modules/@esbuild/linux-mips64el
139 silly ADD node_modules/@esbuild/linux-loong64
140 silly ADD node_modules/@esbuild/linux-ia32
141 silly ADD node_modules/@esbuild/linux-arm64
142 silly ADD node_modules/@esbuild/linux-arm
143 silly ADD node_modules/@esbuild/freebsd-x64
144 silly ADD node_modules/@esbuild/freebsd-arm64
145 silly ADD node_modules/@esbuild/darwin-x64
146 silly ADD node_modules/@esbuild/darwin-arm64
147 silly ADD node_modules/@esbuild/android-x64
148 silly ADD node_modules/@esbuild/android-arm64
149 silly ADD node_modules/@esbuild/android-arm
150 silly ADD node_modules/@esbuild/aix-ppc64
151 silly CHANGE node_modules/@workos/authkit-sveltekit
152 silly CHANGE node_modules/@types/node
153 silly CHANGE node_modules/@workos/authkit-session
154 silly CHANGE node_modules/@tailwindcss/oxide-win32-x64-msvc
155 silly CHANGE node_modules/@sveltejs/vite-plugin-svelte-inspector
156 silly CHANGE node_modules/@sveltejs/vite-plugin-svelte
157 silly CHANGE node_modules/@sveltejs/kit
158 silly CHANGE node_modules/@rollup/rollup-win32-x64-msvc
159 silly CHANGE node_modules/@rollup/pluginutils
160 silly CHANGE node_modules/@rollup/plugin-json
161 silly CHANGE node_modules/@rollup/plugin-node-resolve
162 silly CHANGE node_modules/@rollup/plugin-commonjs
163 silly CHANGE node_modules/@jridgewell/resolve-uri
164 silly CHANGE node_modules/@esbuild/win32-x64
165 silly CHANGE node_modules/vite
166 silly CHANGE node_modules/@jridgewell/gen-mapping
167 silly CHANGE node_modules/typescript
168 silly CHANGE node_modules/svelte-check
169 silly CHANGE node_modules/svelte
170 silly CHANGE node_modules/rollup
171 silly CHANGE node_modules/resolve
172 silly CHANGE node_modules/playwright-core
173 silly CHANGE node_modules/playwright
174 silly ADD node_modules/playwright/node_modules/fsevents
175 silly CHANGE node_modules/lightningcss-win32-x64-msvc
176 silly CHANGE node_modules/jose
177 silly CHANGE node_modules/estree-walker
178 silly CHANGE node_modules/esrap
179 silly CHANGE node_modules/enhanced-resolve
180 silly CHANGE node_modules/axobject-query
181 silly CHANGE node_modules/aria-query
182 verbose cwd C:\Users\mart6\source\repos\FolioTrace\UI
183 verbose os Windows_NT 10.0.26200
184 verbose node v25.2.1
185 verbose npm  v10.9.8
186 verbose exit 0
187 info ok
