0 verbose cli C:\Program Files\nodejs\node.exe C:\Program Files\nodejs\node_modules\npm\bin\npm-cli.js
1 info using npm@11.6.2
2 info using node@v25.2.1
3 silly config load:file:C:\Program Files\nodejs\node_modules\npm\npmrc
4 silly config load:file:C:\Users\mart6\source\repos\FolioTrace\UI\.npmrc
5 silly config load:file:C:\Users\mart6\.npmrc
6 silly config load:file:C:\Users\mart6\AppData\Roaming\npm\etc\npmrc
7 verbose title npm install
8 verbose argv "install" "--package-lock-only" "--include" "optional" "--ignore-scripts"
9 verbose logfile logs-max:10 dir:C:\Users\mart6\source\repos\FolioTrace\UI\.npm-cache\_logs\2026-06-21T01_14_09_247Z-
10 verbose logfile C:\Users\mart6\source\repos\FolioTrace\UI\.npm-cache\_logs\2026-06-21T01_14_09_247Z-debug-0.log
11 silly logfile done cleaning log files
12 silly packumentCache heap:4496293888 maxSize:1124073472 maxEntrySize:562036736
13 silly idealTree buildDeps
14 http cache https://registry.npmjs.org/@tailwindcss/oxide-wasm32-wasi/-/oxide-wasm32-wasi-4.3.0.tgz 0ms (cache hit)
15 silly audit bulk request {
15 silly audit   '@esbuild/aix-ppc64': [ '0.25.12' ],
15 silly audit   '@esbuild/android-arm': [ '0.25.12' ],
15 silly audit   '@esbuild/android-arm64': [ '0.25.12' ],
15 silly audit   '@esbuild/android-x64': [ '0.25.12' ],
15 silly audit   '@esbuild/darwin-arm64': [ '0.25.12' ],
15 silly audit   '@esbuild/darwin-x64': [ '0.25.12' ],
15 silly audit   '@esbuild/freebsd-arm64': [ '0.25.12' ],
15 silly audit   '@esbuild/freebsd-x64': [ '0.25.12' ],
15 silly audit   '@esbuild/linux-arm': [ '0.25.12' ],
15 silly audit   '@esbuild/linux-arm64': [ '0.25.12' ],
15 silly audit   '@esbuild/linux-ia32': [ '0.25.12' ],
15 silly audit   '@esbuild/linux-loong64': [ '0.25.12' ],
15 silly audit   '@esbuild/linux-mips64el': [ '0.25.12' ],
15 silly audit   '@esbuild/linux-ppc64': [ '0.25.12' ],
15 silly audit   '@esbuild/linux-riscv64': [ '0.25.12' ],
15 silly audit   '@esbuild/linux-s390x': [ '0.25.12' ],
15 silly audit   '@esbuild/linux-x64': [ '0.25.12' ],
15 silly audit   '@esbuild/netbsd-arm64': [ '0.25.12' ],
15 silly audit   '@esbuild/netbsd-x64': [ '0.25.12' ],
15 silly audit   '@esbuild/openbsd-arm64': [ '0.25.12' ],
15 silly audit   '@esbuild/openbsd-x64': [ '0.25.12' ],
15 silly audit   '@esbuild/openharmony-arm64': [ '0.25.12' ],
15 silly audit   '@esbuild/sunos-x64': [ '0.25.12' ],
15 silly audit   '@esbuild/win32-arm64': [ '0.25.12' ],
15 silly audit   '@esbuild/win32-ia32': [ '0.25.12' ],
15 silly audit   '@esbuild/win32-x64': [ '0.25.12' ],
15 silly audit   '@jridgewell/gen-mapping': [ '0.3.13' ],
15 silly audit   '@jridgewell/remapping': [ '2.3.5' ],
15 silly audit   '@jridgewell/resolve-uri': [ '3.1.2' ],
15 silly audit   '@jridgewell/sourcemap-codec': [ '1.5.5' ],
15 silly audit   '@jridgewell/trace-mapping': [ '0.3.31' ],
15 silly audit   '@playwright/test': [ '1.61.0' ],
15 silly audit   '@polka/url': [ '1.0.0-next.29' ],
15 silly audit   '@rollup/plugin-commonjs': [ '29.0.2' ],
15 silly audit   'is-reference': [ '1.2.1', '3.0.3' ],
15 silly audit   '@rollup/plugin-json': [ '6.1.0' ],
15 silly audit   '@rollup/plugin-node-resolve': [ '16.0.3' ],
15 silly audit   '@rollup/pluginutils': [ '5.3.0' ],
15 silly audit   '@rollup/rollup-android-arm-eabi': [ '4.60.4' ],
15 silly audit   '@rollup/rollup-android-arm64': [ '4.60.4' ],
15 silly audit   '@rollup/rollup-darwin-arm64': [ '4.60.4' ],
15 silly audit   '@rollup/rollup-darwin-x64': [ '4.60.4' ],
15 silly audit   '@rollup/rollup-freebsd-arm64': [ '4.60.4' ],
15 silly audit   '@rollup/rollup-freebsd-x64': [ '4.60.4' ],
15 silly audit   '@rollup/rollup-linux-arm-gnueabihf': [ '4.60.4' ],
15 silly audit   '@rollup/rollup-linux-arm-musleabihf': [ '4.60.4' ],
15 silly audit   '@rollup/rollup-linux-arm64-gnu': [ '4.60.4' ],
15 silly audit   '@rollup/rollup-linux-arm64-musl': [ '4.60.4' ],
15 silly audit   '@rollup/rollup-linux-loong64-gnu': [ '4.60.4' ],
15 silly audit   '@rollup/rollup-linux-loong64-musl': [ '4.60.4' ],
15 silly audit   '@rollup/rollup-linux-ppc64-gnu': [ '4.60.4' ],
15 silly audit   '@rollup/rollup-linux-ppc64-musl': [ '4.60.4' ],
15 silly audit   '@rollup/rollup-linux-riscv64-gnu': [ '4.60.4' ],
15 silly audit   '@rollup/rollup-linux-riscv64-musl': [ '4.60.4' ],
15 silly audit   '@rollup/rollup-linux-s390x-gnu': [ '4.60.4' ],
15 silly audit   '@rollup/rollup-linux-x64-gnu': [ '4.60.4' ],
15 silly audit   '@rollup/rollup-linux-x64-musl': [ '4.60.4' ],
15 silly audit   '@rollup/rollup-openbsd-x64': [ '4.60.4' ],
15 silly audit   '@rollup/rollup-openharmony-arm64': [ '4.60.4' ],
15 silly audit   '@rollup/rollup-win32-arm64-msvc': [ '4.60.4' ],
15 silly audit   '@rollup/rollup-win32-ia32-msvc': [ '4.60.4' ],
15 silly audit   '@rollup/rollup-win32-x64-gnu': [ '4.60.4' ],
15 silly audit   '@rollup/rollup-win32-x64-msvc': [ '4.60.4' ],
15 silly audit   '@standard-schema/spec': [ '1.1.0' ],
15 silly audit   '@sveltejs/acorn-typescript': [ '1.0.9' ],
15 silly audit   '@sveltejs/adapter-node': [ '5.5.4' ],
15 silly audit   '@sveltejs/kit': [ '2.60.1' ],
15 silly audit   '@sveltejs/vite-plugin-svelte': [ '5.1.1' ],
15 silly audit   '@sveltejs/vite-plugin-svelte-inspector': [ '4.0.1' ],
15 silly audit   '@tailwindcss/node': [ '4.3.0' ],
15 silly audit   '@tailwindcss/oxide': [ '4.3.0' ],
15 silly audit   '@tailwindcss/oxide-android-arm64': [ '4.3.0' ],
15 silly audit   '@tailwindcss/oxide-darwin-arm64': [ '4.3.0' ],
15 silly audit   '@tailwindcss/oxide-darwin-x64': [ '4.3.0' ],
15 silly audit   '@tailwindcss/oxide-freebsd-x64': [ '4.3.0' ],
15 silly audit   '@tailwindcss/oxide-linux-arm-gnueabihf': [ '4.3.0' ],
15 silly audit   '@tailwindcss/oxide-linux-arm64-gnu': [ '4.3.0' ],
15 silly audit   '@tailwindcss/oxide-linux-arm64-musl': [ '4.3.0' ],
15 silly audit   '@tailwindcss/oxide-linux-x64-gnu': [ '4.3.0' ],
15 silly audit   '@tailwindcss/oxide-linux-x64-musl': [ '4.3.0' ],
15 silly audit   '@tailwindcss/oxide-win32-arm64-msvc': [ '4.3.0' ],
15 silly audit   '@tailwindcss/oxide-win32-x64-msvc': [ '4.3.0' ],
15 silly audit   '@tailwindcss/vite': [ '4.3.0' ],
15 silly audit   '@types/cookie': [ '0.6.0' ],
15 silly audit   '@types/estree': [ '1.0.9', '1.0.8' ],
15 silly audit   '@types/node': [ '25.8.0' ],
15 silly audit   '@types/resolve': [ '1.20.2' ],
15 silly audit   '@types/trusted-types': [ '2.0.7' ],
15 silly audit   '@workos-inc/node': [ '9.3.1' ],
15 silly audit   '@workos/authkit-session': [ '0.5.2' ],
15 silly audit   '@workos/authkit-sveltekit': [ '0.3.0' ],
15 silly audit   cookie: [ '1.1.1', '0.6.0' ],
15 silly audit   acorn: [ '8.16.0' ],
15 silly audit   'aria-query': [ '5.3.1' ],
15 silly audit   'axobject-query': [ '4.1.0' ],
15 silly audit   chokidar: [ '4.0.3' ],
15 silly audit   clsx: [ '2.1.1' ],
15 silly audit   commondir: [ '1.0.1' ],
15 silly audit   debug: [ '4.4.3' ],
15 silly audit   deepmerge: [ '4.3.1' ],
15 silly audit   'detect-libc': [ '2.1.2' ],
15 silly audit   devalue: [ '5.8.1' ],
15 silly audit   'enhanced-resolve': [ '5.21.3' ],
15 silly audit   'es-errors': [ '1.3.0' ],
15 silly audit   esbuild: [ '0.25.12' ],
15 silly audit   'esm-env': [ '1.2.2' ],
15 silly audit   esrap: [ '2.2.9' ],
15 silly audit   'estree-walker': [ '2.0.2' ],
15 silly audit   eventemitter3: [ '5.0.4' ],
15 silly audit   fdir: [ '6.5.0' ],
15 silly audit   fsevents: [ '2.3.3', '2.3.2' ],
15 silly audit   'function-bind': [ '1.1.2' ],
15 silly audit   'graceful-fs': [ '4.2.11' ],
15 silly audit   hasown: [ '2.0.3' ],
15 silly audit   'iron-webcrypto': [ '2.0.0' ],
15 silly audit   'is-core-module': [ '2.16.2' ],
15 silly audit   'is-module': [ '1.0.0' ],
15 silly audit   jiti: [ '2.7.0' ],
15 silly audit   jose: [ '6.2.3' ],
15 silly audit   kleur: [ '4.1.5' ],
15 silly audit   lightningcss: [ '1.32.0' ],
15 silly audit   'lightningcss-android-arm64': [ '1.32.0' ],
15 silly audit   'lightningcss-darwin-arm64': [ '1.32.0' ],
15 silly audit   'lightningcss-darwin-x64': [ '1.32.0' ],
15 silly audit   'lightningcss-freebsd-x64': [ '1.32.0' ],
15 silly audit   'lightningcss-linux-arm-gnueabihf': [ '1.32.0' ],
15 silly audit   'lightningcss-linux-arm64-gnu': [ '1.32.0' ],
15 silly audit   'lightningcss-linux-arm64-musl': [ '1.32.0' ],
15 silly audit   'lightningcss-linux-x64-gnu': [ '1.32.0' ],
15 silly audit   'lightningcss-linux-x64-musl': [ '1.32.0' ],
15 silly audit   'lightningcss-win32-arm64-msvc': [ '1.32.0' ],
15 silly audit   'lightningcss-win32-x64-msvc': [ '1.32.0' ],
15 silly audit   'locate-character': [ '3.0.0' ],
15 silly audit   'magic-string': [ '0.30.21' ],
15 silly audit   mri: [ '1.2.0' ],
15 silly audit   mrmime: [ '2.0.1' ],
15 silly audit   ms: [ '2.1.3' ],
15 silly audit   nanoid: [ '3.3.12' ],
15 silly audit   'path-parse': [ '1.0.7' ],
15 silly audit   picocolors: [ '1.1.1' ],
15 silly audit   picomatch: [ '4.0.4' ],
15 silly audit   playwright: [ '1.61.0' ],
15 silly audit   'playwright-core': [ '1.61.0' ],
15 silly audit   postcss: [ '8.5.14' ],
15 silly audit   readdirp: [ '4.1.2' ],
15 silly audit   resolve: [ '1.22.12' ],
15 silly audit   rollup: [ '4.60.4' ],
15 silly audit   sade: [ '1.8.1' ],
15 silly audit   'set-cookie-parser': [ '3.1.0' ],
15 silly audit   sirv: [ '3.0.2' ],
15 silly audit   'source-map-js': [ '1.2.1' ],
15 silly audit   'supports-preserve-symlinks-flag': [ '1.0.0' ],
15 silly audit   svelte: [ '5.55.7' ],
15 silly audit   'svelte-check': [ '4.4.8' ],
15 silly audit   tailwindcss: [ '4.3.0' ],
15 silly audit   tapable: [ '2.3.3' ],
15 silly audit   tinyglobby: [ '0.2.16' ],
15 silly audit   totalist: [ '3.0.1' ],
15 silly audit   typescript: [ '5.9.3' ],
15 silly audit   'uint8array-extras': [ '1.5.0' ],
15 silly audit   'undici-types': [ '7.24.6' ],
15 silly audit   valibot: [ '1.4.1' ],
15 silly audit   vite: [ '6.4.2' ],
15 silly audit   vitefu: [ '1.1.3' ],
15 silly audit   zimmerframe: [ '1.1.4' ],
15 silly audit   '@tailwindcss/oxide-wasm32-wasi': [ '4.3.0' ],
15 silly audit   '@emnapi/wasi-threads': [ '1.2.1' ],
15 silly audit   tslib: [ '2.8.1' ],
15 silly audit   '@napi-rs/wasm-runtime': [ '1.1.4' ],
15 silly audit   '@tybys/wasm-util': [ '0.10.1' ]
15 silly audit }
16 http fetch POST 200 https://registry.npmjs.org/-/npm/v1/security/advisories/bulk 589ms
17 silly audit report {
17 silly audit report   cookie: [
17 silly audit report     {
17 silly audit report       id: 1103907,
17 silly audit report       url: 'https://github.com/advisories/GHSA-pxg6-pf52-xh8x',
17 silly audit report       title: 'cookie accepts cookie name, path, and domain with out of bounds characters',
17 silly audit report       severity: 'low',
17 silly audit report       vulnerable_versions: '<0.7.0',
17 silly audit report       cwe: [Array],
17 silly audit report       cvss: [Object]
17 silly audit report     }
17 silly audit report   ],
17 silly audit report   vite: [
17 silly audit report     {
17 silly audit report       id: 1120784,
17 silly audit report       url: 'https://github.com/advisories/GHSA-v6wh-96g9-6wx3',
17 silly audit report       title: 'launch-editor: NTLMv2 hash disclosure via UNC path handling on Windows',
17 silly audit report       severity: 'moderate',
17 silly audit report       vulnerable_versions: '<=6.4.2',
17 silly audit report       cwe: [Array],
17 silly audit report       cvss: [Object]
17 silly audit report     },
17 silly audit report     {
17 silly audit report       id: 1120789,
17 silly audit report       url: 'https://github.com/advisories/GHSA-fx2h-pf6j-xcff',
17 silly audit report       title: 'vite: `server.fs.deny` bypass on Windows alternate paths',
17 silly audit report       severity: 'high',
17 silly audit report       vulnerable_versions: '<=6.4.2',
17 silly audit report       cwe: [Array],
17 silly audit report       cvss: [Object]
17 silly audit report     }
17 silly audit report   ]
17 silly audit report }
18 silly packumentCache corgi:https://registry.npmjs.org/cookie cache-miss
19 silly packumentCache corgi:https://registry.npmjs.org/vite cache-miss
20 http cache https://registry.npmjs.org/cookie 31ms (cache hit)
21 silly packumentCache corgi:https://registry.npmjs.org/cookie set size:23677 disposed:false
22 http cache https://registry.npmjs.org/vite 37ms (cache hit)
23 silly packumentCache corgi:https://registry.npmjs.org/vite set size:2264592 disposed:false
24 silly packumentCache corgi:https://registry.npmjs.org/@sveltejs%2fkit cache-miss
25 http cache https://registry.npmjs.org/@sveltejs%2fkit 18ms (cache hit)
26 silly packumentCache corgi:https://registry.npmjs.org/@sveltejs%2fkit set size:1965147 disposed:false
27 silly packumentCache corgi:https://registry.npmjs.org/@sveltejs%2fvite-plugin-svelte cache-miss
28 silly packumentCache corgi:https://registry.npmjs.org/@sveltejs%2fvite-plugin-svelte-inspector cache-miss
29 silly packumentCache corgi:https://registry.npmjs.org/@tailwindcss%2fvite cache-miss
30 silly packumentCache corgi:https://registry.npmjs.org/vitefu cache-miss
31 http cache https://registry.npmjs.org/@sveltejs%2fvite-plugin-svelte 49ms (cache hit)
32 silly packumentCache corgi:https://registry.npmjs.org/@sveltejs%2fvite-plugin-svelte set size:216998 disposed:false
33 http cache https://registry.npmjs.org/@sveltejs%2fvite-plugin-svelte-inspector 54ms (cache hit)
34 silly packumentCache corgi:https://registry.npmjs.org/@sveltejs%2fvite-plugin-svelte-inspector set size:22262 disposed:false
35 http cache https://registry.npmjs.org/vitefu 54ms (cache hit)
36 silly packumentCache corgi:https://registry.npmjs.org/vitefu set size:22407 disposed:false
37 http cache https://registry.npmjs.org/@tailwindcss%2fvite 68ms (cache hit)
38 silly packumentCache corgi:https://registry.npmjs.org/@tailwindcss%2fvite set size:869251 disposed:false
39 silly packumentCache corgi:https://registry.npmjs.org/@sveltejs%2fadapter-node cache-miss
40 silly packumentCache corgi:https://registry.npmjs.org/@workos%2fauthkit-sveltekit cache-miss
41 http cache https://registry.npmjs.org/@sveltejs%2fadapter-node 15ms (cache hit)
42 silly packumentCache corgi:https://registry.npmjs.org/@sveltejs%2fadapter-node set size:288632 disposed:false
43 http cache https://registry.npmjs.org/@workos%2fauthkit-sveltekit 19ms (cache hit)
44 silly packumentCache corgi:https://registry.npmjs.org/@workos%2fauthkit-sveltekit set size:6162 disposed:false
45 verbose cwd C:\Users\mart6\source\repos\FolioTrace\UI
46 verbose os Windows_NT 10.0.26200
47 verbose node v25.2.1
48 verbose npm  v11.6.2
49 verbose exit 0
50 info ok
